
Showing logs for build [32mcb-kubecd-environment-pr-226-1-jc9zc-1[0m stage [32mfrom-build-pack[0m and container [32mstep-credential-initializer-vnb67[0m
{"level":"info","ts":1589942492.5035057,"logger":"fallback-logger","caller":"logging/config.go:69","msg":"Fetch GitHub commit ID from kodata failed: open /var/run/ko/refs/heads/0.8.0-ns-support: no such file or directory"}
{"level":"info","ts":1589942492.503868,"logger":"fallback-logger","caller":"creds-init/main.go:40","msg":"Credentials initialized."}

Showing logs for build [32mcb-kubecd-environment-pr-226-1-jc9zc-1[0m stage [32mfrom-build-pack[0m and container [32mstep-working-dir-initializer-gq52t[0m
{"level":"info","ts":1589942493.0660768,"logger":"fallback-logger","caller":"logging/config.go:69","msg":"Fetch GitHub commit ID from kodata failed: open /var/run/ko/HEAD: no such file or directory"}
{"level":"info","ts":1589942493.0676067,"logger":"fallback-logger","caller":"bash/main.go:64","msg":"Successfully executed command \"sh -c mkdir -p /workspace/source\"; output "}

Showing logs for build [32mcb-kubecd-environment-pr-226-1-jc9zc-1[0m stage [32mfrom-build-pack[0m and container [32mstep-place-tools[0m

Showing logs for build [32mcb-kubecd-environment-pr-226-1-jc9zc-1[0m stage [32mfrom-build-pack[0m and container [32mstep-git-source-cb-kubecd-environment-pr-226-1-jc9zc-v8g22[0m
{"level":"info","ts":1589942497.1439652,"logger":"fallback-logger","caller":"logging/config.go:69","msg":"Fetch GitHub commit ID from kodata failed: open /var/run/ko/refs/heads/0.8.0-ns-support: no such file or directory"}
{"level":"info","ts":1589942497.784818,"logger":"fallback-logger","caller":"git/git.go:103","msg":"Successfully cloned https://github.com/cb-kubecd/environment-pr-226-1-boot-gke-production.git @ master in path /workspace/source"}

Showing logs for build [32mcb-kubecd-environment-pr-226-1-jc9zc-1[0m stage [32mfrom-build-pack[0m and container [32mstep-git-merge[0m
Using SHAs from PULL_REFS=master:549e326d4c333f643a8b6a21e6e99b3b49fe5770,1:b24e86f0b2f33be0cec88311b2bf161bffea4224
DEBUG: JX_LOG_LEVEL=error LC_ALL=C git fetch origin --unshallow b24e86f0b2f33be0cec88311b2bf161bffea4224: 549e326d4c333f643a8b6a21e6e99b3b49fe5770:
DEBUG: ran git fetch --unshallow origin b24e86f0b2f33be0cec88311b2bf161bffea4224: 549e326d4c333f643a8b6a21e6e99b3b49fe5770: in 
DEBUG: LC_ALL=C JX_LOG_LEVEL=error git branch
DEBUG: LC_ALL=C JX_LOG_LEVEL=error git checkout master
DEBUG: ran git checkout master in 
DEBUG: LC_ALL=C JX_LOG_LEVEL=error git reset --hard 549e326d4c333f643a8b6a21e6e99b3b49fe5770
DEBUG: ran git reset --hard 549e326d4c333f643a8b6a21e6e99b3b49fe5770 in 
DEBUG: LC_ALL=C JX_LOG_LEVEL=error git clean -fd .
DEBUG: ran clean --force -d . in 
DEBUG: LC_ALL=C JX_LOG_LEVEL=error git merge b24e86f0b2f33be0cec88311b2bf161bffea4224
DEBUG: ran git merge b24e86f0b2f33be0cec88311b2bf161bffea4224 in 
DEBUG: LC_ALL=C JX_LOG_LEVEL=error git log --format=%H%x1f%an%x1f%ae%x1f%cn%x1f%ce%x1f%s%n%b%x1e 549e326d4c333f643a8b6a21e6e99b3b49fe5770..HEAD
Merged SHA b24e86f0b2f33be0cec88311b2bf161bffea4224 with commit message 'chore: Promote bdd-spring-1589941566 to version 0.0.1' into base branch master

Showing logs for build [32mcb-kubecd-environment-pr-226-1-jc9zc-1[0m stage [32mfrom-build-pack[0m and container [32mstep-build-helm-build[0m
WARNING: No $CHART_REPOSITORY defined so using the default value of: http://jenkins-x-chartmuseum:8080
Adding missing Helm repo: storage.googleapis.com https://storage.googleapis.com/chartmuseum.jenkins-x.io
WARNING: No secrets found on "helm/repos" due: reading the secret "helm/repos" from vault: no secret "helm/repos" not found in vault
Read credentials for https://storage.googleapis.com/chartmuseum.jenkins-x.io from vault helm/repos
Successfully added Helm repository storage.googleapis.com.
Adding missing Helm repo: jenkins-x-chartmuseum http://jenkins-x-chartmuseum:8080
WARNING: No secrets found on "helm/repos" due: reading the secret "helm/repos" from vault: no secret "helm/repos" not found in vault
Read credentials for http://jenkins-x-chartmuseum:8080 from vault helm/repos
Successfully added Helm repository jenkins-x-chartmuseum.
WARNING: No $CHART_REPOSITORY defined so using the default value of: http://jenkins-x-chartmuseum:8080
Adding missing Helm repo: chartmuseum.jenkins-x.io http://chartmuseum.jenkins-x.io
WARNING: No secrets found on "helm/repos" due: reading the secret "helm/repos" from vault: no secret "helm/repos" not found in vault
Read credentials for http://chartmuseum.jenkins-x.io from vault helm/repos
Successfully added Helm repository chartmuseum.jenkins-x.io.
